[debug] [2022-03-23T01:47:45.811Z] ----------------------------------------------------------------------
[debug] [2022-03-23T01:47:45.816Z] Command:       C:\Program Files\nodejs\node.exe C:\Program Files\nodejs\node_modules\firebase-tools\lib\bin\firebase.js init
[debug] [2022-03-23T01:47:45.817Z] CLI Version:   10.4.2
[debug] [2022-03-23T01:47:45.817Z] Platform:      win32
[debug] [2022-03-23T01:47:45.818Z] Node Version:  v16.13.2
[debug] [2022-03-23T01:47:45.821Z] Time:          Wed Mar 23 2022 10:47:45 GMT+0900 (대한민국 표준시)
[debug] [2022-03-23T01:47:45.821Z] ----------------------------------------------------------------------
[debug] 
[debug] [2022-03-23T01:47:45.841Z] > command requires scopes: ["email","openid","https://www.googleapis.com/auth/cloudplatformprojects.readonly","https://www.googleapis.com/auth/firebase","https://www.googleapis.com/auth/cloud-platform"]
[debug] [2022-03-23T01:47:45.842Z] > authorizing via signed-in user (maengjiiii@gmail.com)
[info] 
     ######## #### ########  ######## ########     ###     ######  ########
     ##        ##  ##     ## ##       ##     ##  ##   ##  ##       ##
     ######    ##  ########  ######   ########  #########  ######  ######
     ##        ##  ##    ##  ##       ##     ## ##     ##       ## ##
     ##       #### ##     ## ######## ########  ##     ##  ######  ########

You're about to initialize a Firebase project in this directory:

  C:\Users\jisu\Desktop\onebite\React-study\emotion-diary

[info] 
=== Project Setup
[info] 
[info] First, let's associate this project directory with a Firebase project.
[info] You can create multiple project aliases by running firebase use --add, 
[info] but for now we'll just set up a default project.
[info] 
[debug] [2022-03-23T01:48:14.119Z] >>> [apiv2][query] GET https://firebase.googleapis.com/v1beta1/projects pageSize=100
[debug] [2022-03-23T01:48:15.165Z] <<< [apiv2][status] GET https://firebase.googleapis.com/v1beta1/projects 200
[debug] [2022-03-23T01:48:15.165Z] <<< [apiv2][body] GET https://firebase.googleapis.com/v1beta1/projects [omitted]
[info] i  Using project react-project-6ef09 (React-project) 
[info] 
=== Hosting Setup
[info] 
[info] Your public directory is the folder (relative to your project directory) that
[info] will contain Hosting assets to be uploaded with firebase deploy. If you
[info] have a build process for your assets, use your build's output directory.
[info] 
[debug] [2022-03-23T01:48:41.728Z] >>> [apiv2][query] GET https://www.gstatic.com/firebasejs/releases.json [none]
[debug] [2022-03-23T01:48:41.904Z] <<< [apiv2][status] GET https://www.gstatic.com/firebasejs/releases.json 200
[debug] [2022-03-23T01:48:41.905Z] <<< [apiv2][body] GET https://www.gstatic.com/firebasejs/releases.json {"current":{"version":"9.6.9","browserURL":"https://www.gstatic.com/firebasejs/9.6.9/firebase.js","packageURL":"https://www.gstatic.com/firebasejs/9.6.9/firebase.tgz"},"live":{"version":"9.6","browserURL":"https://www.gstatic.com/firebasejs/live/9.6/firebase.js","packageURL":"https://www.gstatic.com/firebasejs/live/9.6/firebase.tgz"},"components":{"analytics":"https://www.gstatic.com/firebasejs/9.6.9/firebase-analytics.js","app":"https://www.gstatic.com/firebasejs/9.6.9/firebase-app.js","app-check":"https://www.gstatic.com/firebasejs/9.6.9/firebase-app-check.js","auth":"https://www.gstatic.com/firebasejs/9.6.9/firebase-auth.js","auth/cordova":"https://www.gstatic.com/firebasejs/9.6.9/firebase-auth/cordova.js","auth/react-native":"https://www.gstatic.com/firebasejs/9.6.9/firebase-auth/react-native.js","functions":"https://www.gstatic.com/firebasejs/9.6.9/firebase-functions.js","firestore":"https://www.gstatic.com/firebasejs/9.6.9/firebase-firestore.js","firestore/lite":"https://www.gstatic.com/firebasejs/9.6.9/firebase-firestore/lite.js","storage":"https://www.gstatic.com/firebasejs/9.6.9/firebase-storage.js","performance":"https://www.gstatic.com/firebasejs/9.6.9/firebase-performance.js","remote-config":"https://www.gstatic.com/firebasejs/9.6.9/firebase-remote-config.js","messaging":"https://www.gstatic.com/firebasejs/9.6.9/firebase-messaging.js","messaging/sw":"https://www.gstatic.com/firebasejs/9.6.9/firebase-messaging/sw.js","database":"https://www.gstatic.com/firebasejs/9.6.9/firebase-database.js","firestore.memory":"https://www.gstatic.com/firebasejs/9.6.9/firebase-firestore.memory.js"}}
[info] +  Wrote build/index.html 
[info] 
[info] i  Detected a .git folder at C:\Users\jisu\Desktop\onebite\React-study 
[info] i  Authorizing with GitHub to upload your service account to a GitHub repository's secrets store. 
[info] 
[info] Visit this URL on this device to log in:
[info] https://github.com/login/oauth/authorize?client_id=89cf50f02ac6aaed3484&state=857696765&redirect_uri=http%3A%2F%2Flocalhost%3A9005&scope=read%3Auser%20repo%20public_repo
[info] 
[info] Waiting for authentication...
[debug] [2022-03-23T01:49:00.036Z] >>> HTTP REQUEST POST https://github.com/login/oauth/access_token  
 {"client_id":"89cf50f02ac6aaed3484","client_secret":"3330d14abc895d9a74d5f17cd7a00711fa2c5bf0","code":"08fa8d91ee0702073d6d","redirect_uri":"http://localhost:9005","state":"857696765"}
[debug] [2022-03-23T01:49:00.480Z] <<< HTTP RESPONSE 200 {"server":"GitHub.com","date":"Wed, 23 Mar 2022 01:48:59 GMT","content-type":"application/json; charset=utf-8","transfer-encoding":"chunked","vary":"X-PJAX, X-PJAX-Container, Accept-Encoding, Accept, X-Requested-With","permissions-policy":"interest-cohort=()","etag":"W/\"50693e0d59e7af68f57bac68ed21a928\"","cache-control":"max-age=0, private, must-revalidate","strict-transport-security":"max-age=31536000; includeSubdomains; preload","x-frame-options":"deny","x-content-type-options":"nosniff","x-xss-protection":"0","referrer-policy":"origin-when-cross-origin, strict-origin-when-cross-origin","expect-ct":"max-age=2592000, report-uri=\"https://api.github.com/_private/browser/errors\"","content-security-policy":"default-src 'none'; base-uri 'self'; block-all-mixed-content; child-src github.com/assets-cdn/worker/ gist.github.com/assets-cdn/worker/; connect-src 'self' uploads.github.com objects-origin.githubusercontent.com www.githubstatus.com collector.githubapp.com collector.github.com api.github.com github-cloud.s3.amazonaws.com github-production-repository-file-5c1aeb.s3.amazonaws.com github-production-upload-manifest-file-7fdce7.s3.amazonaws.com github-production-user-asset-6210df.s3.amazonaws.com cdn.optimizely.com logx.optimizely.com/v1/events translator.github.com wss://alive.github.com; font-src github.githubassets.com; form-action 'self' github.com gist.github.com objects-origin.githubusercontent.com; frame-ancestors 'none'; frame-src render.githubusercontent.com viewscreen.githubusercontent.com notebooks.githubusercontent.com; img-src 'self' data: github.githubassets.com identicons.github.com collector.githubapp.com collector.github.com github-cloud.s3.amazonaws.com secured-user-images.githubusercontent.com/ *.githubusercontent.com; manifest-src 'self'; media-src github.com user-images.githubusercontent.com/; script-src github.githubassets.com; style-src 'unsafe-inline' github.githubassets.com; worker-src github.com/assets-cdn/worker/ gist.github.com/assets-cdn/worker/","x-github-request-id":"EA70:1624:23BC593:2A318CF:623A7C8B"}
[debug] [2022-03-23T01:49:00.495Z] >>> [apiv2][query] GET https://api.github.com/user [none]
[debug] [2022-03-23T01:49:00.924Z] <<< [apiv2][status] GET https://api.github.com/user 200
[debug] [2022-03-23T01:49:00.925Z] <<< [apiv2][body] GET https://api.github.com/user {"login":"jisu2433","id":93359953,"node_id":"U_kgDOBZCPUQ","avatar_url":"https://avatars.githubusercontent.com/u/93359953?v=4","gravatar_id":"","url":"https://api.github.com/users/jisu2433","html_url":"https://github.com/jisu2433","followers_url":"https://api.github.com/users/jisu2433/followers","following_url":"https://api.github.com/users/jisu2433/following{/other_user}","gists_url":"https://api.github.com/users/jisu2433/gists{/gist_id}","starred_url":"https://api.github.com/users/jisu2433/starred{/owner}{/repo}","subscriptions_url":"https://api.github.com/users/jisu2433/subscriptions","organizations_url":"https://api.github.com/users/jisu2433/orgs","repos_url":"https://api.github.com/users/jisu2433/repos","events_url":"https://api.github.com/users/jisu2433/events{/privacy}","received_events_url":"https://api.github.com/users/jisu2433/received_events","type":"User","site_admin":false,"name":"Jisu Kim","company":null,"blog":"https://velog.io/@jisu243","location":"seoul","email":null,"hireable":null,"bio":"study","twitter_username":null,"public_repos":13,"public_gists":0,"followers":8,"following":13,"created_at":"2021-10-29T02:00:59Z","updated_at":"2022-03-10T07:11:40Z","private_gists":0,"total_private_repos":1,"owned_private_repos":1,"disk_usage":39407,"collaborators":0,"two_factor_authentication":false,"plan":{"name":"free","space":976562499,"collaborators":0,"private_repos":10000}}
[info] 
[info] +  Success! Logged into GitHub as jisu2433 
[info] 
[debug] [2022-03-23T01:52:52.531Z] >>> [apiv2][query] GET https://api.github.com/repos/React-study/actions/secrets/public-key type=owner
[debug] [2022-03-23T01:52:52.864Z] <<< [apiv2][status] GET https://api.github.com/repos/React-study/actions/secrets/public-key 404
[debug] [2022-03-23T01:52:52.864Z] <<< [apiv2][body] GET https://api.github.com/repos/React-study/actions/secrets/public-key {"message":"Not Found","documentation_url":"https://docs.github.com/rest"}
[debug] [2022-03-23T01:53:14.664Z] >>> [apiv2][query] GET https://api.github.com/repos/React-study/emotion-diary/repository/actions/secrets/public-key type=owner
[debug] [2022-03-23T01:53:14.982Z] <<< [apiv2][status] GET https://api.github.com/repos/React-study/emotion-diary/repository/actions/secrets/public-key 404
[debug] [2022-03-23T01:53:14.982Z] <<< [apiv2][body] GET https://api.github.com/repos/React-study/emotion-diary/repository/actions/secrets/public-key {"message":"Not Found","documentation_url":"https://docs.github.com/rest"}
[debug] [2022-03-23T01:53:16.301Z] >>> [apiv2][query] GET https://api.github.com/repos/React-study/emotion-diary/repository/actions/secrets/public-key type=owner
[debug] [2022-03-23T01:53:16.621Z] <<< [apiv2][status] GET https://api.github.com/repos/React-study/emotion-diary/repository/actions/secrets/public-key 404
[debug] [2022-03-23T01:53:16.621Z] <<< [apiv2][body] GET https://api.github.com/repos/React-study/emotion-diary/repository/actions/secrets/public-key {"message":"Not Found","documentation_url":"https://docs.github.com/rest"}
[debug] [2022-03-23T01:53:29.574Z] >>> [apiv2][query] GET https://api.github.com/repos/React-study/repository/actions/secrets/public-key type=owner
[debug] [2022-03-23T01:53:29.934Z] <<< [apiv2][status] GET https://api.github.com/repos/React-study/repository/actions/secrets/public-key 404
[debug] [2022-03-23T01:53:29.935Z] <<< [apiv2][body] GET https://api.github.com/repos/React-study/repository/actions/secrets/public-key {"message":"Not Found","documentation_url":"https://docs.github.com/rest/reference/actions#get-a-repository-public-key"}
